<?xml version="1.0" encoding="UTF-8"?>
<!-- Generated by org.testng.reporters.JUnitXMLReporter -->
<testsuite hostname="hp" ignored="0" name="Online Shopping" tests="3" failures="0" timestamp="04 Jun 2018 15:23:40 GMT" time="115.926" errors="0">
  <testcase name="Login" time="22.413" classname="test.ebay.Login"/>
  <testcase name="Search" time="41.367" classname="test.ebay.Login"/>
  <testcase name="Addtocart" time="24.497" classname="test.ebay.Login"/>
</testsuite> <!-- Online Shopping -->
