<?xml version="1.0" encoding="UTF-8"?>
<testng-results skipped="0" failed="0" ignored="0" total="3" passed="3">
  <reporter-output>
  </reporter-output>
  <suite name="eBay Shopping" duration-ms="115926" started-at="2018-06-04T15:21:44Z" finished-at="2018-06-04T15:23:40Z">
    <groups>
    </groups>
    <test name="Online Shopping" duration-ms="115926" started-at="2018-06-04T15:21:44Z" finished-at="2018-06-04T15:23:40Z">
      <class name="test.ebay.Login">
        <test-method status="PASS" signature="LaunchApp()[pri:0, instance:test.ebay.Login@46d56d67]" name="LaunchApp" is-config="true" duration-ms="27603" started-at="2018-06-04T15:21:44Z" finished-at="2018-06-04T15:22:11Z">
          <reporter-output>
          </reporter-output>
        </test-method> <!-- LaunchApp -->
        <test-method status="PASS" signature="Login()[pri:0, instance:test.ebay.Login@46d56d67]" name="Login" duration-ms="22413" started-at="2018-06-04T15:22:11Z" finished-at="2018-06-04T15:22:34Z">
          <reporter-output>
          </reporter-output>
        </test-method> <!-- Login -->
        <test-method status="PASS" signature="Search()[pri:0, instance:test.ebay.Login@46d56d67]" name="Search" duration-ms="41367" started-at="2018-06-04T15:22:34Z" finished-at="2018-06-04T15:23:15Z">
          <reporter-output>
          </reporter-output>
        </test-method> <!-- Search -->
        <test-method status="PASS" signature="Addtocart()[pri:0, instance:test.ebay.Login@46d56d67]" name="Addtocart" duration-ms="24497" started-at="2018-06-04T15:23:15Z" finished-at="2018-06-04T15:23:40Z">
          <reporter-output>
          </reporter-output>
        </test-method> <!-- Addtocart -->
      </class> <!-- test.ebay.Login -->
    </test> <!-- Online Shopping -->
  </suite> <!-- eBay Shopping -->
</testng-results>
